<?xml version="1.0" encoding="UTF-8"?>
<!-- Generated by org.testng.reporters.JUnitReportReporter -->
<testsuite skipped="0" hostname="BLRL79035" name="com.qa.test.HomePageTest" tests="1" failures="0" timestamp="11 Apr 2019 14:37:11 GMT" time="11.222" errors="0">
  <testcase name="propertySearchTest" time="11.222" classname="com.qa.test.HomePageTest"/>
</testsuite> <!-- com.qa.test.HomePageTest -->
