<?xml version="1.0" encoding="UTF-8"?>
<!-- Generated by org.testng.reporters.JUnitReportReporter -->
<testsuite skipped="0" hostname="BLRL79035" name="com.qa.test.SearchPageTest" tests="1" failures="0" timestamp="11 Apr 2019 14:31:42 GMT" time="1.263" errors="0">
  <testcase name="getAllPropertyPrice" time="1.263" classname="com.qa.test.SearchPageTest"/>
</testsuite> <!-- com.qa.test.SearchPageTest -->
